{
  "RSpec": {
    "coverage": {
      "/Users/mattmckelvey/the-usual-suspects/app/helpers/application_helper.rb": [
        1,
        null
      ],
      "/Users/mattmckelvey/the-usual-suspects/app/controllers/application_controller.rb": [
        1,
        1,
        1,
        null,
        1,
        null,
        1,
        45,
        null,
        null
      ],
      "/Users/mattmckelvey/the-usual-suspects/app/controllers/bars_controller.rb": [
        1,
        null,
        1,
        19,
        null,
        null,
        1,
        3,
        null,
        null,
        null,
        1,
        3,
        null,
        3,
        2,
        2,
        null,
        1,
        1,
        null,
        null,
        null,
        1,
        5,
        null,
        null,
        1,
        2,
        null,
        null,
        1,
        2,
        2,
        1,
        1,
        null,
        1,
        1,
        null,
        null,
        null,
        1,
        1,
        null,
        1,
        1,
        1,
        null,
        null,
        null,
        1,
        null,
        1,
        5,
        null,
        null,
        null
      ],
      "/Users/mattmckelvey/the-usual-suspects/app/models/bar.rb": [
        1,
        1,
        1,
        null
      ],
      "/Users/mattmckelvey/the-usual-suspects/app/controllers/users/sessions_controller.rb": [
        1,
        1,
        14,
        null,
        null,
        1,
        13,
        null,
        null
      ],
      "/Users/mattmckelvey/the-usual-suspects/app/models/user.rb": [
        0,
        0,
        0,
        0,
        0,
        0,
        0
      ],
      "/Users/mattmckelvey/the-usual-suspects/app/uploaders/avatar_uploader.rb": [
        0,
        0,
        0,
        0,
        0,
        0,
        0
      ]
    },
    "timestamp": 1459954359
  }
}
