{
  "RSpec": {
    "coverage": {
      "/Users/ncrawfordadmin/challenges/the-usual-suspects/app/helpers/application_helper.rb": [
        1,
        null
      ],
      "/Users/ncrawfordadmin/challenges/the-usual-suspects/app/controllers/application_controller.rb": [
        1,
        null,
        null,
        1,
        null,
        1,
        null,
        1,
        null,
        1,
        3,
        null,
        null
      ],
      "/Users/ncrawfordadmin/challenges/the-usual-suspects/app/controllers/user_controller.rb": [

      ],
      "/Users/ncrawfordadmin/challenges/the-usual-suspects/app/models/user.rb": [
        0,
        0,
        0,
        0,
        0,
        0
      ],
      "/Users/ncrawfordadmin/challenges/the-usual-suspects/app/uploaders/avatar_uploader.rb": [
        0,
        0,
        0,
        0,
        0,
        0,
        0,
        0,
        0,
        0,
        0,
        0,
        0,
        0,
        0,
        0,
        0,
        0,
        0,
        0,
        0,
        0,
        0,
        0,
        0,
        0,
        0,
        0,
        0,
        0,
        0,
        0,
        0,
        0,
        0,
        0,
        0,
        0,
        0,
        0,
        0,
        0,
        0,
        0,
        0,
        0,
        0,
        0,
        0,
        0,
        0
      ]
    },
    "timestamp": 1459879604
  }
}
